0 info it worked if it ends with ok
1 verbose cli [ '/usr/local/bin/node',
1 verbose cli   '/usr/local/bin/npm',
1 verbose cli   'i',
1 verbose cli   '--save-dev',
1 verbose cli   'css-loader',
1 verbose cli   'style-loader[B' ]
2 info using npm@2.15.1
3 info using node@v4.4.3
4 verbose install initial load of /Users/BaronKwan/baron_projects/github-battle/package.json
5 warn package.json github-battle@1.0.0 No description
6 warn package.json github-battle@1.0.0 No repository field.
7 warn package.json github-battle@1.0.0 No license field.
8 verbose installManyTop reading scoped package data from /Users/BaronKwan/baron_projects/github-battle/node_modules/axios/package.json
9 verbose installManyTop reading scoped package data from /Users/BaronKwan/baron_projects/github-battle/node_modules/babel-core/package.json
10 verbose installManyTop reading scoped package data from /Users/BaronKwan/baron_projects/github-battle/node_modules/babel-loader/package.json
11 verbose installManyTop reading scoped package data from /Users/BaronKwan/baron_projects/github-battle/node_modules/babel-preset-react/package.json
12 verbose installManyTop reading scoped package data from /Users/BaronKwan/baron_projects/github-battle/node_modules/css-loader/package.json
13 verbose installManyTop reading scoped package data from /Users/BaronKwan/baron_projects/github-battle/node_modules/html-webpack-plugin/package.json
14 verbose installManyTop reading scoped package data from /Users/BaronKwan/baron_projects/github-battle/node_modules/react/package.json
15 verbose installManyTop reading scoped package data from /Users/BaronKwan/baron_projects/github-battle/node_modules/react-addons-css-transition-group/package.json
16 verbose installManyTop reading scoped package data from /Users/BaronKwan/baron_projects/github-battle/node_modules/react-dom/package.json
17 verbose installManyTop reading scoped package data from /Users/BaronKwan/baron_projects/github-battle/node_modules/react-router/package.json
18 verbose installManyTop reading scoped package data from /Users/BaronKwan/baron_projects/github-battle/node_modules/style-loader/package.json
19 verbose installManyTop reading scoped package data from /Users/BaronKwan/baron_projects/github-battle/node_modules/timeout-transition-group/package.json
20 verbose installManyTop reading scoped package data from /Users/BaronKwan/baron_projects/github-battle/node_modules/webpack/package.json
21 verbose installManyTop reading scoped package data from /Users/BaronKwan/baron_projects/github-battle/node_modules/webpack-dev-server/package.json
22 info package.json timeout-transition-group@2.0.2 license should be a valid SPDX license expression
23 verbose readDependencies loading dependencies from /Users/BaronKwan/baron_projects/github-battle/package.json
24 verbose install css-loader is installed as 0.23.1
25 silly cache add args [ 'css-loader', null ]
26 verbose cache add spec css-loader
27 silly cache add args [ 'style-loader[B', null ]
28 verbose cache add spec style-loader[B
29 silly cache add parsed spec Result {
29 silly cache add   raw: 'css-loader',
29 silly cache add   scope: null,
29 silly cache add   name: 'css-loader',
29 silly cache add   rawSpec: '',
29 silly cache add   spec: 'latest',
29 silly cache add   type: 'tag' }
30 silly addNamed css-loader@latest
31 verbose addNamed "latest" is being treated as a dist-tag for css-loader
32 info addNameTag [ 'css-loader', 'latest' ]
33 silly mapToRegistry name css-loader
34 silly mapToRegistry using default registry
35 silly mapToRegistry registry https://registry.npmjs.org/
36 silly mapToRegistry data Result {
36 silly mapToRegistry   raw: 'css-loader',
36 silly mapToRegistry   scope: null,
36 silly mapToRegistry   name: 'css-loader',
36 silly mapToRegistry   rawSpec: '',
36 silly mapToRegistry   spec: 'latest',
36 silly mapToRegistry   type: 'tag' }
37 silly mapToRegistry uri https://registry.npmjs.org/css-loader
38 verbose addNameTag registry:https://registry.npmjs.org/css-loader not in flight; fetching
39 silly cache add parsed spec Result {
39 silly cache add   raw: 'style-loader[B',
39 silly cache add   scope: null,
39 silly cache add   name: null,
39 silly cache add   rawSpec: 'style-loader[B',
39 silly cache add   spec: '/Users/BaronKwan/baron_projects/github-battle/style-loader[B',
39 silly cache add   type: 'local' }
40 error addLocal Could not install /Users/BaronKwan/baron_projects/github-battle/style-loader[B
41 verbose request uri https://registry.npmjs.org/css-loader
42 verbose request no auth needed
43 info attempt registry request try #1 at 10:14:22 PM
44 verbose request id a5350bbf6530e2e5
45 verbose etag "CIZQHPMYJHH9ZSN9SXY5PUG01"
46 http request GET https://registry.npmjs.org/css-loader
47 http 304 https://registry.npmjs.org/css-loader
48 verbose headers { date: 'Thu, 26 May 2016 05:14:22 GMT',
48 verbose headers   via: '1.1 varnish',
48 verbose headers   'cache-control': 'max-age=300',
48 verbose headers   etag: '"CIZQHPMYJHH9ZSN9SXY5PUG01"',
48 verbose headers   age: '47',
48 verbose headers   connection: 'keep-alive',
48 verbose headers   'x-served-by': 'cache-lax1420-LAX',
48 verbose headers   'x-cache': 'HIT',
48 verbose headers   'x-cache-hits': '1',
48 verbose headers   'x-timer': 'S1464239662.617308,VS0,VE0',
48 verbose headers   vary: 'Accept-Encoding' }
49 silly get cb [ 304,
49 silly get   { date: 'Thu, 26 May 2016 05:14:22 GMT',
49 silly get     via: '1.1 varnish',
49 silly get     'cache-control': 'max-age=300',
49 silly get     etag: '"CIZQHPMYJHH9ZSN9SXY5PUG01"',
49 silly get     age: '47',
49 silly get     connection: 'keep-alive',
49 silly get     'x-served-by': 'cache-lax1420-LAX',
49 silly get     'x-cache': 'HIT',
49 silly get     'x-cache-hits': '1',
49 silly get     'x-timer': 'S1464239662.617308,VS0,VE0',
49 silly get     vary: 'Accept-Encoding' } ]
50 verbose etag https://registry.npmjs.org/css-loader from cache
51 verbose get saving css-loader to /Users/BaronKwan/.npm/registry.npmjs.org/css-loader/.cache.json
52 verbose correctMkdir /Users/BaronKwan/.npm correctMkdir not in flight; initializing
53 silly addNameTag next cb for css-loader with tag latest
54 silly addNamed css-loader@0.23.1
55 verbose addNamed "0.23.1" is a plain semver version for css-loader
56 silly cache afterAdd css-loader@0.23.1
57 verbose afterAdd /Users/BaronKwan/.npm/css-loader/0.23.1/package/package.json not in flight; writing
58 verbose correctMkdir /Users/BaronKwan/.npm correctMkdir not in flight; initializing
59 verbose afterAdd /Users/BaronKwan/.npm/css-loader/0.23.1/package/package.json written
60 verbose stack Error: ENOENT: no such file or directory, open '/Users/BaronKwan/baron_projects/github-battle/style-loader[B'
60 verbose stack     at Error (native)
61 verbose cwd /Users/BaronKwan/baron_projects/github-battle
62 error Darwin 15.5.0
63 error argv "/usr/local/bin/node" "/usr/local/bin/npm" "i" "--save-dev" "css-loader" "style-loader[B"
64 error node v4.4.3
65 error npm  v2.15.1
66 error path /Users/BaronKwan/baron_projects/github-battle/style-loader[B
67 error code ENOENT
68 error errno -2
69 error syscall open
70 error enoent ENOENT: no such file or directory, open '/Users/BaronKwan/baron_projects/github-battle/style-loader[B'
70 error enoent This is most likely not a problem with npm itself
70 error enoent and is related to npm not being able to find a file.
71 verbose exit [ -2, true ]
